<?xml version="1.0" encoding="UTF-8"?>
<testng-results ignored="0" total="1" passed="1" failed="0" skipped="0">
  <reporter-output>
  </reporter-output>
  <suite started-at="2024-06-04T13:11:32 IST" name="Default suite" finished-at="2024-06-04T13:12:35 IST" duration-ms="63473">
    <groups>
    </groups>
    <test started-at="2024-06-04T13:11:32 IST" name="Default test" finished-at="2024-06-04T13:12:35 IST" duration-ms="63473">
      <class name="testCases.Tc_001_Order_costliest_rainjacket">
        <test-method is-config="true" signature="setup()[pri:0, instance:testCases.Tc_001_Order_costliest_rainjacket@742ff096]" started-at="2024-06-04T13:11:32 IST" name="setup" finished-at="2024-06-04T13:11:35 IST" duration-ms="3096" status="PASS">
          <reporter-output>
          </reporter-output>
        </test-method> <!-- setup -->
        <test-method signature="searchProduct()[pri:0, instance:testCases.Tc_001_Order_costliest_rainjacket@742ff096]" started-at="2024-06-04T13:11:35 IST" name="searchProduct" finished-at="2024-06-04T13:12:35 IST" duration-ms="60354" status="PASS">
          <reporter-output>
          </reporter-output>
        </test-method> <!-- searchProduct -->
        <test-method is-config="true" signature="teardown()[pri:0, instance:testCases.Tc_001_Order_costliest_rainjacket@742ff096]" started-at="2024-06-04T13:12:35 IST" name="teardown" finished-at="2024-06-04T13:12:35 IST" duration-ms="0" status="PASS">
          <reporter-output>
          </reporter-output>
        </test-method> <!-- teardown -->
      </class> <!-- testCases.Tc_001_Order_costliest_rainjacket -->
    </test> <!-- Default test -->
  </suite> <!-- Default suite -->
</testng-results>
